<?xml version="1.0" encoding="UTF-8"?>
<testng-results skipped="0" failed="0" total="1" passed="1">
  <reporter-output>
  </reporter-output>
  <suite name="Default suite" duration-ms="24777" started-at="2018-04-14T00:38:19Z" finished-at="2018-04-14T00:38:44Z">
    <groups>
    </groups>
    <test name="Default test" duration-ms="24777" started-at="2018-04-14T00:38:19Z" finished-at="2018-04-14T00:38:44Z">
      <class name="pages.AutoITFileUpload">
        <test-method status="PASS" signature="loadproperties()[pri:0, instance:pages.AutoITFileUpload@6591f517]" name="loadproperties" is-config="true" duration-ms="0" started-at="2018-04-13T19:38:19Z" finished-at="2018-04-13T19:38:19Z">
          <reporter-output>
          </reporter-output>
        </test-method> <!-- loadproperties -->
        <test-method status="PASS" signature="setUp()[pri:0, instance:pages.AutoITFileUpload@6591f517]" name="setUp" is-config="true" duration-ms="3061" started-at="2018-04-13T19:38:19Z" finished-at="2018-04-13T19:38:22Z">
          <reporter-output>
          </reporter-output>
        </test-method> <!-- setUp -->
        <test-method status="PASS" signature="beforeMethod(java.lang.reflect.Method)[pri:0, instance:pages.AutoITFileUpload@6591f517]" name="beforeMethod" is-config="true" duration-ms="5" started-at="2018-04-13T19:38:22Z" finished-at="2018-04-13T19:38:22Z">
          <params>
            <param index="0">
              <value>
                <![CDATA[public void pages.AutoITFileUpload.uploadFile() throws java.lang.InterruptedException,java.io.IOException]]>
              </value>
            </param>
          </params>
          <reporter-output>
          </reporter-output>
        </test-method> <!-- beforeMethod -->
        <test-method status="PASS" signature="uploadFile()[pri:0, instance:pages.AutoITFileUpload@6591f517]" name="uploadFile" duration-ms="21696" started-at="2018-04-13T19:38:22Z" finished-at="2018-04-13T19:38:44Z">
          <reporter-output>
          </reporter-output>
        </test-method> <!-- uploadFile -->
        <test-method status="PASS" signature="afterMethod(org.testng.ITestResult)[pri:0, instance:pages.AutoITFileUpload@6591f517]" name="afterMethod" is-config="true" duration-ms="0" started-at="2018-04-13T19:38:44Z" finished-at="2018-04-13T19:38:44Z">
          <params>
            <param index="0">
              <value>
                <![CDATA[[TestResult name=uploadFile status=SUCCESS method=AutoITFileUpload.uploadFile()[pri:0, instance:pages.AutoITFileUpload@6591f517] output={null}]]]>
              </value>
            </param>
          </params>
          <reporter-output>
          </reporter-output>
        </test-method> <!-- afterMethod -->
        <test-method status="PASS" signature="closereport()[pri:0, instance:pages.AutoITFileUpload@6591f517]" name="closereport" is-config="true" duration-ms="1138" started-at="2018-04-13T19:38:44Z" finished-at="2018-04-13T19:38:45Z">
          <reporter-output>
          </reporter-output>
        </test-method> <!-- closereport -->
      </class> <!-- pages.AutoITFileUpload -->
    </test> <!-- Default test -->
  </suite> <!-- Default suite -->
</testng-results>
